<?xml version="1.0" encoding="UTF-8"?>
<!-- Generated by org.testng.reporters.JUnitReportReporter -->
<testsuite hostname="DESKTOP-FLJGGNP" failures="0" tests="1" name="Tests.LoginPageTestCases" time="15.569" errors="0" timestamp="2024-01-14T19:32:47 IST" skipped="0">
  <testcase classname="Tests.LoginPageTestCases" name="ValidateLogin" time="15.569"/>
</testsuite> <!-- Tests.LoginPageTestCases -->
