<?xml version="1.0" encoding="UTF-8"?>
<!-- Generated by org.testng.reporters.JUnitReportReporter -->
<testsuite hostname="DESKTOP-FLJGGNP" failures="0" tests="7" name="Tests.IsstaFlightScenario1" time="286.760" errors="0" timestamp="2024-04-14T00:34:15 IDT" skipped="0">
  <testcase classname="Tests.IsstaFlightScenario1" name="simpleTest" time="0.004"/>
  <testcase classname="Tests.IsstaFlightScenario1" name="validateFlightSearchElements" time="25.530"/>
  <testcase classname="Tests.IsstaFlightScenario1" name="SearchFlightTest1" time="79.053"/>
  <testcase classname="Tests.IsstaFlightScenario1" name="ValidateTheFirstFlight" time="25.062"/>
  <testcase classname="Tests.IsstaFlightScenario1" name="SelectTheFirstFlight" time="50.144"/>
  <testcase classname="Tests.IsstaFlightScenario1" name="ValidateCheckoutButton" time="46.583"/>
  <testcase classname="Tests.IsstaFlightScenario1" name="clickCheckout" time="60.384"/>
</testsuite> <!-- Tests.IsstaFlightScenario1 -->
