<?xml version="1.0" encoding="UTF-8"?>
<!-- Generated by org.testng.reporters.JUnitReportReporter -->
<testsuite hostname="DESKTOP-FLJGGNP" failures="0" tests="1" name="Tests.IsstaFlightOrderTest" time="79.289" errors="0" timestamp="2024-04-11T16:32:25 IDT" skipped="0">
  <testcase classname="Tests.IsstaFlightOrderTest" name="SearchNewYork" time="79.289"/>
</testsuite> <!-- Tests.IsstaFlightOrderTest -->
