<?xml version="1.0" encoding="UTF-8"?>
<!-- Generated by org.testng.reporters.JUnitReportReporter -->
<testsuite hostname="DESKTOP-FLJGGNP" failures="0" tests="1" name="Tests.Signup_Tests" time="44.018" errors="0" timestamp="2024-01-14T19:22:37 IST" skipped="0">
  <testcase classname="Tests.Signup_Tests" name="BadEmailSignUp" time="44.018"/>
</testsuite> <!-- Tests.Signup_Tests -->
