<?xml version="1.0" encoding="UTF-8"?>
<!-- Generated by org.testng.reporters.JUnitReportReporter -->
<testsuite hostname="DESKTOP-FLJGGNP" failures="0" tests="1" name="Tests.BaseClass" time="0.004" errors="0" timestamp="2024-04-13T09:01:26 IDT" skipped="0">
  <testcase classname="Tests.BaseClass" name="simpleTest" time="0.004"/>
</testsuite> <!-- Tests.BaseClass -->
